{"total": {"lines":{"total":61,"covered":61,"skipped":0,"pct":100},"statements":{"total":70,"covered":70,"skipped":0,"pct":100},"functions":{"total":19,"covered":19,"skipped":0,"pct":100},"branches":{"total":25,"covered":25,"skipped":0,"pct":100}}
,"/Users/ronnetzer/Documents/Projects/ngx-bdir/projects/ngx-bdir/src/lib/b-dir.directive.ts": {"lines":{"total":26,"covered":26,"skipped":0,"pct":100},"functions":{"total":8,"covered":8,"skipped":0,"pct":100},"statements":{"total":31,"covered":31,"skipped":0,"pct":100},"branches":{"total":11,"covered":11,"skipped":0,"pct":100}}
,"/Users/ronnetzer/Documents/Projects/ngx-bdir/projects/ngx-bdir/src/lib/b-dir.models.ts": {"lines":{"total":8,"covered":8,"skipped":0,"pct":100},"functions":{"total":2,"covered":2,"skipped":0,"pct":100},"statements":{"total":8,"covered":8,"skipped":0,"pct":100},"branches":{"total":4,"covered":4,"skipped":0,"pct":100}}
,"/Users/ronnetzer/Documents/Projects/ngx-bdir/projects/ngx-bdir/src/lib/b-dir.service.ts": {"lines":{"total":24,"covered":24,"skipped":0,"pct":100},"functions":{"total":9,"covered":9,"skipped":0,"pct":100},"statements":{"total":28,"covered":28,"skipped":0,"pct":100},"branches":{"total":10,"covered":10,"skipped":0,"pct":100}}
,"/Users/ronnetzer/Documents/Projects/ngx-bdir/projects/ngx-bdir/src/lib/b-dir.tokens.ts": {"lines":{"total":3,"covered":3,"skipped":0,"pct":100},"functions":{"total":0,"covered":0,"skipped":0,"pct":100},"statements":{"total":3,"covered":3,"skipped":0,"pct":100},"branches":{"total":0,"covered":0,"skipped":0,"pct":100}}
}
