TN:
SF:/Users/ronnetzer/Documents/Projects/ngx-bdir/projects/ngx-bdir/src/lib/b-dir.directive.ts
FN:10,(anonymous_0)
FN:16,BDirDirective
FN:18,(anonymous_2)
FN:25,(anonymous_3)
FN:33,(anonymous_4)
FN:37,(anonymous_5)
FN:41,(anonymous_6)
FN:46,(anonymous_7)
FNF:8
FNH:8
FNDA:1,(anonymous_0)
FNDA:3,BDirDirective
FNDA:3,(anonymous_2)
FNDA:4,(anonymous_3)
FNDA:2,(anonymous_4)
FNDA:4,(anonymous_5)
FNDA:4,(anonymous_6)
FNDA:4,(anonymous_7)
DA:1,1
DA:2,1
DA:3,1
DA:4,1
DA:5,1
DA:10,1
DA:11,3
DA:13,1
DA:16,3
DA:18,1
DA:19,3
DA:20,2
DA:22,3
DA:25,1
DA:26,4
DA:27,4
DA:28,1
DA:29,1
DA:33,1
DA:34,2
DA:37,4
DA:38,4
DA:42,4
DA:46,1
DA:47,4
DA:51,1
LF:26
LH:26
BRDA:19,0,0,2
BRDA:19,0,1,1
BRDA:27,1,0,1
BRDA:27,1,1,3
BRDA:27,2,0,4
BRDA:27,2,1,4
BRDA:27,2,2,1
BRDA:40,3,0,3
BRDA:40,3,1,1
BRDA:48,4,0,3
BRDA:48,4,1,1
BRF:11
BRH:11
end_of_record
TN:
SF:/Users/ronnetzer/Documents/Projects/ngx-bdir/projects/ngx-bdir/src/lib/b-dir.models.ts
FN:4,(anonymous_0)
FN:9,(anonymous_1)
FNF:2
FNH:2
FNDA:2,(anonymous_0)
FNDA:2,(anonymous_1)
DA:4,2
DA:5,2
DA:6,2
DA:9,2
DA:10,2
DA:11,2
DA:16,2
DA:18,2
LF:8
LH:8
BRDA:4,0,0,2
BRDA:4,0,1,2
BRDA:9,1,0,2
BRDA:9,1,1,2
BRF:4
BRH:4
end_of_record
TN:
SF:/Users/ronnetzer/Documents/Projects/ngx-bdir/projects/ngx-bdir/src/lib/b-dir.service.ts
FN:7,(anonymous_0)
FN:7,(anonymous_1)
FN:9,(anonymous_2)
FN:18,BDirService
FN:28,(anonymous_4)
FN:35,(anonymous_5)
FN:45,(anonymous_6)
FN:52,(anonymous_7)
FN:56,(anonymous_8)
FNF:9
FNH:9
FNDA:10,(anonymous_0)
FNDA:2,(anonymous_1)
FNDA:2,(anonymous_2)
FNDA:10,BDirService
FNDA:2,(anonymous_4)
FNDA:15,(anonymous_5)
FNDA:7,(anonymous_6)
FNDA:3,(anonymous_7)
FNDA:12,(anonymous_8)
DA:1,2
DA:3,2
DA:4,2
DA:5,2
DA:7,10
DA:9,2
DA:13,10
DA:16,10
DA:19,10
DA:20,15
DA:22,10
DA:28,2
DA:29,2
DA:35,2
DA:36,15
DA:37,14
DA:38,14
DA:45,2
DA:46,7
DA:52,2
DA:53,3
DA:56,2
DA:57,12
DA:59,2
LF:24
LH:24
BRDA:7,0,0,1
BRDA:7,0,1,1
BRDA:20,1,0,5
BRDA:20,1,1,5
BRDA:36,2,0,14
BRDA:36,2,1,1
BRDA:53,3,0,1
BRDA:53,3,1,2
BRDA:57,4,0,3
BRDA:57,4,1,9
BRF:10
BRH:10
end_of_record
TN:
SF:/Users/ronnetzer/Documents/Projects/ngx-bdir/projects/ngx-bdir/src/lib/b-dir.tokens.ts
FNF:0
FNH:0
DA:1,2
DA:4,2
DA:5,2
LF:3
LH:3
BRF:0
BRH:0
end_of_record
